10:24:40:871 [main] INFO  testCases.TC002_Login - ****** Login Test Started*******
10:34:50:638 [main] INFO  testCases.TC001_AccountRegistrationTest - ******verify_account_registration Strated ****
10:34:50:770 [main] INFO  testCases.TC001_AccountRegistrationTest - ***** Calling Methods from HomePage*****
10:34:51:665 [main] INFO  testCases.TC001_AccountRegistrationTest - ***** Calling Methods from AccountRegistration from HomePage*****
10:34:53:674 [main] INFO  testCases.TC001_AccountRegistrationTest - ******verify_account_registration Finished ****
10:35:01:180 [main] INFO  testCases.TC002_Login - ****** Login Test Started*******
11:31:48:583 [main] INFO  testCases.TC001_AccountRegistrationTest - ******verify_account_registration Strated ****
11:31:48:722 [main] INFO  testCases.TC001_AccountRegistrationTest - ***** Calling Methods from HomePage*****
11:31:49:597 [main] INFO  testCases.TC001_AccountRegistrationTest - ***** Calling Methods from AccountRegistration from HomePage*****
11:31:51:387 [main] INFO  testCases.TC001_AccountRegistrationTest - ******verify_account_registration Finished ****
11:31:54:384 [main] INFO  testCases.TC002_Login - ****** Login Test Started*******
11:32:26:484 [main] INFO  testCases.TC001_AccountRegistrationTest - ******verify_account_registration Strated ****
11:32:26:517 [main] INFO  testCases.TC001_AccountRegistrationTest - ***** Calling Methods from HomePage*****
11:32:27:262 [main] INFO  testCases.TC001_AccountRegistrationTest - ***** Calling Methods from AccountRegistration from HomePage*****
11:32:28:721 [main] INFO  testCases.TC001_AccountRegistrationTest - ******verify_account_registration Finished ****
11:32:31:530 [main] INFO  testCases.TC002_Login - ****** Login Test Started*******
11:33:02:059 [main] INFO  testCases.TC001_AccountRegistrationTest - ******verify_account_registration Strated ****
11:33:02:080 [main] INFO  testCases.TC001_AccountRegistrationTest - ***** Calling Methods from HomePage*****
11:33:03:001 [main] INFO  testCases.TC001_AccountRegistrationTest - ***** Calling Methods from AccountRegistration from HomePage*****
11:33:04:395 [main] INFO  testCases.TC001_AccountRegistrationTest - ******verify_account_registration Finished ****
11:33:09:144 [main] INFO  testCases.TC002_Login - ****** Login Test Started*******
11:36:38:083 [main] INFO  testCases.TC001_AccountRegistrationTest - ******verify_account_registration Strated ****
11:36:38:106 [main] INFO  testCases.TC001_AccountRegistrationTest - ***** Calling Methods from HomePage*****
11:36:38:913 [main] INFO  testCases.TC001_AccountRegistrationTest - ***** Calling Methods from AccountRegistration from HomePage*****
11:36:40:479 [main] INFO  testCases.TC001_AccountRegistrationTest - ******verify_account_registration Finished ****
11:36:43:442 [main] INFO  testCases.TC002_Login - ****** Login Test Started*******
11:42:02:828 [main] INFO  testCases.TC001_AccountRegistrationTest - ******verify_account_registration Strated ****
11:42:02:952 [main] INFO  testCases.TC001_AccountRegistrationTest - ***** Calling Methods from HomePage*****
11:42:03:757 [main] INFO  testCases.TC001_AccountRegistrationTest - ***** Calling Methods from AccountRegistration from HomePage*****
11:42:05:825 [main] INFO  testCases.TC001_AccountRegistrationTest - ******verify_account_registration Finished ****
11:42:08:752 [main] INFO  testCases.TC002_Login - ****** Login Test Started*******
12:02:03:285 [main] INFO  testCases.TC001_AccountRegistrationTest - ******verify_account_registration Strated ****
12:02:03:458 [main] INFO  testCases.TC001_AccountRegistrationTest - ***** Calling Methods from HomePage*****
12:02:04:140 [main] INFO  testCases.TC001_AccountRegistrationTest - ***** Calling Methods from AccountRegistration from HomePage*****
12:02:15:125 [main] INFO  testCases.TC001_AccountRegistrationTest - ******verify_account_registration failed ****
12:02:19:249 [main] INFO  testCases.TC002_Login - ****** Login Test Started*******
12:02:50:319 [main] INFO  testCases.TC001_AccountRegistrationTest - ******verify_account_registration Strated ****
12:02:50:442 [main] INFO  testCases.TC001_AccountRegistrationTest - ***** Calling Methods from HomePage*****
12:02:51:129 [main] INFO  testCases.TC001_AccountRegistrationTest - ***** Calling Methods from AccountRegistration from HomePage*****
12:02:52:546 [main] INFO  testCases.TC001_AccountRegistrationTest - ******verify_account_registration Finished ****
12:02:56:203 [main] INFO  testCases.TC002_Login - ****** Login Test Started*******
12:09:52:229 [main] INFO  testCases.TC001_AccountRegistrationTest - ******verify_account_registration Strated ****
12:09:52:349 [main] INFO  testCases.TC001_AccountRegistrationTest - ***** Calling Methods from HomePage*****
12:09:53:137 [main] INFO  testCases.TC001_AccountRegistrationTest - ***** Calling Methods from AccountRegistration from HomePage*****
12:09:54:581 [main] INFO  testCases.TC001_AccountRegistrationTest - ******verify_account_registration Finished ****
